[2026-03-22 03:00:05] ✓ git 远程连接正常
[2026-03-22 03:00:05] 本地有未推送的变更，正在推送...
Everything up-to-date
[2026-03-22 03:00:08] ✓ 推送成功
[2026-03-22 03:00:08] 当前存储: 6MB, 阈值: 100MB
[2026-03-22 03:00:08] 存储空间充足，无需清理
✓ 存储空间充足 (6MB < 100MB)
[2026-03-29 03:00:05] ✓ git 远程连接正常
[2026-03-29 03:00:05] 本地有未推送的变更，正在推送...
Everything up-to-date
[2026-03-29 03:00:08] ✓ 推送成功
[2026-03-29 03:00:08] 当前存储: 5579MB, 阈值: 100MB
[2026-03-29 03:00:08] 超过阈值，开始清理...
⚠ 超过阈值 100MB，开始清理...
[2026-03-29 03:00:08] ✗ 跳过: agents/entry (远程不存在)
[2026-03-29 03:00:08] ✗ 跳过: agents/pm (远程不存在)
[2026-03-29 03:00:08] ✗ 跳过: agents/product (远程不存在)
[2026-03-29 03:00:08] ✗ 跳过: agents/researcher (远程不存在)
[2026-03-29 03:00:08] ✗ 跳过: agents/architect (远程不存在)
[2026-03-29 03:00:08] ✗ 跳过: agents/developer (远程不存在)
[2026-03-29 03:00:08] ✗ 跳过: agents/qa (远程不存在)
[2026-03-29 03:00:08] ✗ 跳过: agents/writer (远程不存在)
[2026-03-29 03:00:08] ✗ 跳过: global (远程不存在)
To github.com:Lee93whut/openclaw.git
   49a609ac..639e6096  main -> main
[2026-03-29 03:00:12] ✓ 清理结果已推送
✓ 清理完成: 清理 0 项, 跳过 9 项, 当前存储: 5579MB
[2026-03-29 03:00:12] 清理完成: 清理 0 项, 跳过 9 项, 当前存储: 5579MB
[2026-04-05 03:00:05] ✓ git 远程连接正常
[2026-04-05 03:00:05] 本地有未推送的变更，正在推送...
Everything up-to-date
[2026-04-05 03:00:08] ✓ 推送成功
[2026-04-05 03:00:09] 当前存储: 107MB, 阈值: 100MB
[2026-04-05 03:00:09] 超过阈值，开始清理...
⚠ 超过阈值 100MB，开始清理...
[2026-04-05 03:00:09] ✗ 跳过: agents/entry (远程不存在)
[2026-04-05 03:00:09] ✗ 跳过: agents/pm (远程不存在)
[2026-04-05 03:00:09] ✗ 跳过: agents/product (远程不存在)
[2026-04-05 03:00:09] ✗ 跳过: agents/researcher (远程不存在)
[2026-04-05 03:00:09] ✗ 跳过: agents/architect (远程不存在)
[2026-04-05 03:00:09] ✗ 跳过: agents/developer (远程不存在)
[2026-04-05 03:00:09] ✗ 跳过: agents/qa (远程不存在)
[2026-04-05 03:00:09] ✗ 跳过: agents/writer (远程不存在)
[2026-04-05 03:00:09] ✗ 跳过: global (远程不存在)
To github.com:Lee93whut/openclaw.git
   2bfec68fc..a5fd046d6  main -> main
[2026-04-05 03:00:12] ✓ 清理结果已推送
✓ 清理完成: 清理 0 项, 跳过 9 项, 当前存储: 107MB
[2026-04-05 03:00:12] 清理完成: 清理 0 项, 跳过 9 项, 当前存储: 107MB
[2026-04-12 03:00:04] ✓ git 远程连接正常
[2026-04-12 03:00:04] ✓ 本地与远程已同步
[2026-04-12 03:00:04] 当前存储: 112MB, 阈值: 100MB
[2026-04-12 03:00:04] 超过阈值，开始清理...
⚠ 超过阈值 100MB，开始清理...
[2026-04-12 03:00:05] ✗ 跳过: agents/entry (远程不存在)
[2026-04-12 03:00:05] ✗ 跳过: agents/pm (远程不存在)
[2026-04-12 03:00:05] ✗ 跳过: agents/product (远程不存在)
[2026-04-12 03:00:05] ✗ 跳过: agents/researcher (远程不存在)
[2026-04-12 03:00:05] ✗ 跳过: agents/architect (远程不存在)
[2026-04-12 03:00:05] ✗ 跳过: agents/developer (远程不存在)
[2026-04-12 03:00:05] ✗ 跳过: agents/qa (远程不存在)
[2026-04-12 03:00:05] ✗ 跳过: agents/writer (远程不存在)
[2026-04-12 03:00:05] ✗ 跳过: global (远程不存在)
To github.com:Lee93whut/openclaw.git
   72fdb2a76..93d724623  main -> main
[2026-04-12 03:00:08] ✓ 清理结果已推送
✓ 清理完成: 清理 0 项, 跳过 9 项, 当前存储: 112MB
[2026-04-12 03:00:08] 清理完成: 清理 0 项, 跳过 9 项, 当前存储: 112MB
[2026-04-19 03:00:05] ✓ git 远程连接正常
[2026-04-19 03:00:05] 本地有未推送的变更，正在推送...
Everything up-to-date
[2026-04-19 03:00:09] ✓ 推送成功
[2026-04-19 03:00:09] 当前存储: 116MB, 阈值: 100MB
[2026-04-19 03:00:09] 超过阈值，开始清理...
⚠ 超过阈值 100MB，开始清理...
[2026-04-19 03:00:09] ✗ 跳过: agents/entry (远程不存在)
[2026-04-19 03:00:09] ✗ 跳过: agents/pm (远程不存在)
[2026-04-19 03:00:09] ✗ 跳过: agents/product (远程不存在)
[2026-04-19 03:00:09] ✗ 跳过: agents/researcher (远程不存在)
[2026-04-19 03:00:09] ✗ 跳过: agents/architect (远程不存在)
[2026-04-19 03:00:09] ✗ 跳过: agents/developer (远程不存在)
[2026-04-19 03:00:09] ✗ 跳过: agents/qa (远程不存在)
[2026-04-19 03:00:09] ✗ 跳过: agents/writer (远程不存在)
[2026-04-19 03:00:09] ✗ 跳过: global (远程不存在)
To github.com:Lee93whut/openclaw.git
   a7eb5fadd..2f4b67ce1  main -> main
[2026-04-19 03:00:13] ✓ 清理结果已推送
✓ 清理完成: 清理 0 项, 跳过 9 项, 当前存储: 116MB
[2026-04-19 03:00:13] 清理完成: 清理 0 项, 跳过 9 项, 当前存储: 116MB
[2026-04-26 03:00:05] ✓ git 远程连接正常
[2026-04-26 03:00:05] ✓ 本地与远程已同步
[2026-04-26 03:00:05] 当前存储: 120MB, 阈值: 100MB
[2026-04-26 03:00:05] 超过阈值，开始清理...
⚠ 超过阈值 100MB，开始清理...
[2026-04-26 03:00:05] ✗ 跳过: agents/entry (远程不存在)
[2026-04-26 03:00:05] ✗ 跳过: agents/pm (远程不存在)
[2026-04-26 03:00:05] ✗ 跳过: agents/product (远程不存在)
[2026-04-26 03:00:05] ✗ 跳过: agents/researcher (远程不存在)
[2026-04-26 03:00:05] ✗ 跳过: agents/architect (远程不存在)
[2026-04-26 03:00:05] ✗ 跳过: agents/developer (远程不存在)
[2026-04-26 03:00:05] ✗ 跳过: agents/qa (远程不存在)
[2026-04-26 03:00:05] ✗ 跳过: agents/writer (远程不存在)
[2026-04-26 03:00:05] ✗ 跳过: global (远程不存在)
