监听目录: /root/.openclaw/workspaces/lili
sending incremental file list

sent 130 bytes  received 12 bytes  284.00 bytes/sec
total size is 2,112  speedup is 14.87
sending incremental file list

sent 74 bytes  received 12 bytes  172.00 bytes/sec
total size is 1,241  speedup is 14.43
sending incremental file list

sent 176 bytes  received 12 bytes  376.00 bytes/sec
total size is 53,641  speedup is 285.32
sending incremental file list

sent 74 bytes  received 12 bytes  172.00 bytes/sec
total size is 882  speedup is 10.26
To github.com:Lee93whut/openclaw.git
   84296ec..8d38fe0  main -> main
sending incremental file list

sent 130 bytes  received 12 bytes  284.00 bytes/sec
total size is 2,112  speedup is 14.87
sending incremental file list

sent 74 bytes  received 12 bytes  172.00 bytes/sec
total size is 1,241  speedup is 14.43
sending incremental file list

sent 176 bytes  received 12 bytes  376.00 bytes/sec
total size is 53,641  speedup is 285.32
sending incremental file list

sent 74 bytes  received 12 bytes  172.00 bytes/sec
total size is 882  speedup is 10.26
